{"C:\\Users\\afmendes\\Documents\\pessoal\\repositorios\\curso-javascript-ninja\\tests-example\\src\\sum.js":{"path":"C:\\Users\\afmendes\\Documents\\pessoal\\repositorios\\curso-javascript-ninja\\tests-example\\src\\sum.js","s":{"1":1,"2":5,"3":1,"4":4,"5":1,"6":3,"7":1,"8":10,"9":1,"10":7,"11":1},"b":{"1":[1,4],"2":[5,5],"3":[1,3],"4":[4,3]},"f":{"1":5,"2":10,"3":7},"fnMap":{"1":{"name":"sum","line":3,"loc":{"start":{"line":3,"column":0},"end":{"line":3,"column":19}}},"2":{"name":"isEmpty","line":14,"loc":{"start":{"line":14,"column":0},"end":{"line":14,"column":22}}},"3":{"name":"isNumber","line":18,"loc":{"start":{"line":18,"column":0},"end":{"line":18,"column":23}}}},"statementMap":{"1":{"start":{"line":3,"column":0},"end":{"line":12,"column":1}},"2":{"start":{"line":4,"column":4},"end":{"line":6,"column":5}},"3":{"start":{"line":5,"column":8},"end":{"line":5,"column":61}},"4":{"start":{"line":8,"column":4},"end":{"line":10,"column":5}},"5":{"start":{"line":9,"column":8},"end":{"line":9,"column":57}},"6":{"start":{"line":11,"column":4},"end":{"line":11,"column":17}},"7":{"start":{"line":14,"column":0},"end":{"line":16,"column":1}},"8":{"start":{"line":15,"column":4},"end":{"line":15,"column":16}},"9":{"start":{"line":18,"column":0},"end":{"line":20,"column":1}},"10":{"start":{"line":19,"column":4},"end":{"line":19,"column":69}},"11":{"start":{"line":22,"column":0},"end":{"line":22,"column":21}}},"branchMap":{"1":{"line":4,"type":"if","locations":[{"start":{"line":4,"column":4},"end":{"line":4,"column":4}},{"start":{"line":4,"column":4},"end":{"line":4,"column":4}}]},"2":{"line":4,"type":"binary-expr","locations":[{"start":{"line":4,"column":7},"end":{"line":4,"column":17}},{"start":{"line":4,"column":21},"end":{"line":4,"column":31}}]},"3":{"line":8,"type":"if","locations":[{"start":{"line":8,"column":4},"end":{"line":8,"column":4}},{"start":{"line":8,"column":4},"end":{"line":8,"column":4}}]},"4":{"line":8,"type":"binary-expr","locations":[{"start":{"line":8,"column":7},"end":{"line":8,"column":19}},{"start":{"line":8,"column":23},"end":{"line":8,"column":35}}]}}}}